<?xml version="1.0" encoding="UTF-8"?>
<testsuite xmlns:xsi="http://www.w3.org/2001/XMLSchema-instance" xsi:noNamespaceSchemaLocation="https://maven.apache.org/surefire/maven-surefire-plugin/xsd/surefire-test-report-3.0.xsd" version="3.0" name="TestSuite" time="17.018" tests="8" errors="0" skipped="0" failures="0">
  <properties>
    <property name="sun.desktop" value="windows"/>
    <property name="awt.toolkit" value="sun.awt.windows.WToolkit"/>
    <property name="java.specification.version" value="11"/>
    <property name="sun.cpu.isalist" value="amd64"/>
    <property name="sun.jnu.encoding" value="Cp1252"/>
    <property name="java.class.path" value="C:\Users\adnankhan02\eclipse-workspace\RestAssuredAssignment\target\test-classes;C:\Users\adnankhan02\eclipse-workspace\RestAssuredAssignment\target\classes;C:\Users\adnankhan02\.m2\repository\org\slf4j\slf4j-simple\1.7.21\slf4j-simple-1.7.21.jar;C:\Users\adnankhan02\.m2\repository\org\slf4j\slf4j-api\1.7.21\slf4j-api-1.7.21.jar;C:\Users\adnankhan02\.m2\repository\io\rest-assured\rest-assured\5.1.0\rest-assured-5.1.0.jar;C:\Users\adnankhan02\.m2\repository\org\apache\groovy\groovy\4.0.1\groovy-4.0.1.jar;C:\Users\adnankhan02\.m2\repository\org\apache\groovy\groovy-xml\4.0.1\groovy-xml-4.0.1.jar;C:\Users\adnankhan02\.m2\repository\org\apache\httpcomponents\httpclient\4.5.13\httpclient-4.5.13.jar;C:\Users\adnankhan02\.m2\repository\org\apache\httpcomponents\httpcore\4.4.13\httpcore-4.4.13.jar;C:\Users\adnankhan02\.m2\repository\commons-logging\commons-logging\1.2\commons-logging-1.2.jar;C:\Users\adnankhan02\.m2\repository\commons-codec\commons-codec\1.11\commons-codec-1.11.jar;C:\Users\adnankhan02\.m2\repository\org\apache\httpcomponents\httpmime\4.5.13\httpmime-4.5.13.jar;C:\Users\adnankhan02\.m2\repository\org\hamcrest\hamcrest\2.1\hamcrest-2.1.jar;C:\Users\adnankhan02\.m2\repository\org\ccil\cowan\tagsoup\tagsoup\1.2.1\tagsoup-1.2.1.jar;C:\Users\adnankhan02\.m2\repository\io\rest-assured\json-schema-validator\5.1.0\json-schema-validator-5.1.0.jar;C:\Users\adnankhan02\.m2\repository\com\github\java-json-tools\json-schema-validator\2.2.14\json-schema-validator-2.2.14.jar;C:\Users\adnankhan02\.m2\repository\com\google\guava\guava\28.2-android\guava-28.2-android.jar;C:\Users\adnankhan02\.m2\repository\com\google\guava\failureaccess\1.0.1\failureaccess-1.0.1.jar;C:\Users\adnankhan02\.m2\repository\com\google\guava\listenablefuture\9999.0-empty-to-avoid-conflict-with-guava\listenablefuture-9999.0-empty-to-avoid-conflict-with-guava.jar;C:\Users\adnankhan02\.m2\repository\org\checkerframework\checker-compat-qual\2.5.5\checker-compat-qual-2.5.5.jar;C:\Users\adnankhan02\.m2\repository\com\google\errorprone\error_prone_annotations\2.3.4\error_prone_annotations-2.3.4.jar;C:\Users\adnankhan02\.m2\repository\com\google\j2objc\j2objc-annotations\1.3\j2objc-annotations-1.3.jar;C:\Users\adnankhan02\.m2\repository\com\github\java-json-tools\jackson-coreutils-equivalence\1.0\jackson-coreutils-equivalence-1.0.jar;C:\Users\adnankhan02\.m2\repository\com\fasterxml\jackson\core\jackson-databind\2.11.0\jackson-databind-2.11.0.jar;C:\Users\adnankhan02\.m2\repository\com\fasterxml\jackson\core\jackson-annotations\2.11.0\jackson-annotations-2.11.0.jar;C:\Users\adnankhan02\.m2\repository\com\fasterxml\jackson\core\jackson-core\2.11.0\jackson-core-2.11.0.jar;C:\Users\adnankhan02\.m2\repository\com\github\java-json-tools\jackson-coreutils\2.0\jackson-coreutils-2.0.jar;C:\Users\adnankhan02\.m2\repository\com\github\java-json-tools\msg-simple\1.2\msg-simple-1.2.jar;C:\Users\adnankhan02\.m2\repository\com\github\java-json-tools\btf\1.3\btf-1.3.jar;C:\Users\adnankhan02\.m2\repository\com\github\java-json-tools\json-schema-core\1.2.14\json-schema-core-1.2.14.jar;C:\Users\adnankhan02\.m2\repository\com\github\java-json-tools\uri-template\0.10\uri-template-0.10.jar;C:\Users\adnankhan02\.m2\repository\org\mozilla\rhino\1.7.7.2\rhino-1.7.7.2.jar;C:\Users\adnankhan02\.m2\repository\com\sun\mail\mailapi\1.6.2\mailapi-1.6.2.jar;C:\Users\adnankhan02\.m2\repository\joda-time\joda-time\2.10.5\joda-time-2.10.5.jar;C:\Users\adnankhan02\.m2\repository\com\googlecode\libphonenumber\libphonenumber\8.11.1\libphonenumber-8.11.1.jar;C:\Users\adnankhan02\.m2\repository\net\sf\jopt-simple\jopt-simple\5.0.4\jopt-simple-5.0.4.jar;C:\Users\adnankhan02\.m2\repository\io\rest-assured\json-path\5.1.0\json-path-5.1.0.jar;C:\Users\adnankhan02\.m2\repository\org\apache\groovy\groovy-json\4.0.1\groovy-json-4.0.1.jar;C:\Users\adnankhan02\.m2\repository\io\rest-assured\rest-assured-common\5.1.0\rest-assured-common-5.1.0.jar;C:\Users\adnankhan02\.m2\repository\io\rest-assured\xml-path\5.1.0\xml-path-5.1.0.jar;C:\Users\adnankhan02\.m2\repository\org\apache\commons\commons-lang3\3.11\commons-lang3-3.11.jar;C:\Users\adnankhan02\.m2\repository\org\testng\testng\7.5\testng-7.5.jar;C:\Users\adnankhan02\.m2\repository\com\google\code\findbugs\jsr305\3.0.1\jsr305-3.0.1.jar;C:\Users\adnankhan02\.m2\repository\com\beust\jcommander\1.78\jcommander-1.78.jar;C:\Users\adnankhan02\.m2\repository\org\webjars\jquery\3.5.1\jquery-3.5.1.jar;C:\Users\adnankhan02\.m2\repository\com\relevantcodes\extentreports\2.41.2\extentreports-2.41.2.jar;C:\Users\adnankhan02\.m2\repository\org\jsoup\jsoup\1.8.3\jsoup-1.8.3.jar;C:\Users\adnankhan02\.m2\repository\org\xerial\sqlite-jdbc\3.8.11.1\sqlite-jdbc-3.8.11.1.jar;C:\Users\adnankhan02\.m2\repository\org\freemarker\freemarker\2.3.23\freemarker-2.3.23.jar;C:\Users\adnankhan02\.m2\repository\org\mongodb\mongodb-driver\3.0.4\mongodb-driver-3.0.4.jar;C:\Users\adnankhan02\.m2\repository\org\mongodb\bson\3.0.4\bson-3.0.4.jar;C:\Users\adnankhan02\.m2\repository\org\mongodb\mongodb-driver-core\3.0.4\mongodb-driver-core-3.0.4.jar;C:\Users\adnankhan02\.m2\repository\log4j\log4j\1.2.17\log4j-1.2.17.jar;C:\Users\adnankhan02\.m2\repository\org\apache\logging\log4j\log4j-core\2.18.0\log4j-core-2.18.0.jar;C:\Users\adnankhan02\.m2\repository\org\apache\logging\log4j\log4j-api\2.18.0\log4j-api-2.18.0.jar;"/>
    <property name="java.vm.vendor" value="Oracle Corporation"/>
    <property name="sun.arch.data.model" value="64"/>
    <property name="user.variant" value=""/>
    <property name="java.vendor.url" value="http://java.oracle.com/"/>
    <property name="user.timezone" value="Asia/Calcutta"/>
    <property name="java.vm.specification.version" value="11"/>
    <property name="os.name" value="Windows 10"/>
    <property name="sun.java.launcher" value="SUN_STANDARD"/>
    <property name="user.country" value="IN"/>
    <property name="sun.boot.library.path" value="C:\Program Files\RedHat\java-11-openjdk-11.0.5-2\bin"/>
    <property name="sun.java.command" value="C:\Users\adnankhan02\AppData\Local\Temp\surefire4998436732575336773\surefirebooter-20230412131523041_3.jar C:\Users\adnankhan02\AppData\Local\Temp\surefire4998436732575336773 2023-04-12T13-15-22_808-jvmRun1 surefire-20230412131523041_1tmp surefire_0-20230412131523041_2tmp"/>
    <property name="jdk.debug" value="release"/>
    <property name="surefire.test.class.path" value="C:\Users\adnankhan02\eclipse-workspace\RestAssuredAssignment\target\test-classes;C:\Users\adnankhan02\eclipse-workspace\RestAssuredAssignment\target\classes;C:\Users\adnankhan02\.m2\repository\org\slf4j\slf4j-simple\1.7.21\slf4j-simple-1.7.21.jar;C:\Users\adnankhan02\.m2\repository\org\slf4j\slf4j-api\1.7.21\slf4j-api-1.7.21.jar;C:\Users\adnankhan02\.m2\repository\io\rest-assured\rest-assured\5.1.0\rest-assured-5.1.0.jar;C:\Users\adnankhan02\.m2\repository\org\apache\groovy\groovy\4.0.1\groovy-4.0.1.jar;C:\Users\adnankhan02\.m2\repository\org\apache\groovy\groovy-xml\4.0.1\groovy-xml-4.0.1.jar;C:\Users\adnankhan02\.m2\repository\org\apache\httpcomponents\httpclient\4.5.13\httpclient-4.5.13.jar;C:\Users\adnankhan02\.m2\repository\org\apache\httpcomponents\httpcore\4.4.13\httpcore-4.4.13.jar;C:\Users\adnankhan02\.m2\repository\commons-logging\commons-logging\1.2\commons-logging-1.2.jar;C:\Users\adnankhan02\.m2\repository\commons-codec\commons-codec\1.11\commons-codec-1.11.jar;C:\Users\adnankhan02\.m2\repository\org\apache\httpcomponents\httpmime\4.5.13\httpmime-4.5.13.jar;C:\Users\adnankhan02\.m2\repository\org\hamcrest\hamcrest\2.1\hamcrest-2.1.jar;C:\Users\adnankhan02\.m2\repository\org\ccil\cowan\tagsoup\tagsoup\1.2.1\tagsoup-1.2.1.jar;C:\Users\adnankhan02\.m2\repository\io\rest-assured\json-schema-validator\5.1.0\json-schema-validator-5.1.0.jar;C:\Users\adnankhan02\.m2\repository\com\github\java-json-tools\json-schema-validator\2.2.14\json-schema-validator-2.2.14.jar;C:\Users\adnankhan02\.m2\repository\com\google\guava\guava\28.2-android\guava-28.2-android.jar;C:\Users\adnankhan02\.m2\repository\com\google\guava\failureaccess\1.0.1\failureaccess-1.0.1.jar;C:\Users\adnankhan02\.m2\repository\com\google\guava\listenablefuture\9999.0-empty-to-avoid-conflict-with-guava\listenablefuture-9999.0-empty-to-avoid-conflict-with-guava.jar;C:\Users\adnankhan02\.m2\repository\org\checkerframework\checker-compat-qual\2.5.5\checker-compat-qual-2.5.5.jar;C:\Users\adnankhan02\.m2\repository\com\google\errorprone\error_prone_annotations\2.3.4\error_prone_annotations-2.3.4.jar;C:\Users\adnankhan02\.m2\repository\com\google\j2objc\j2objc-annotations\1.3\j2objc-annotations-1.3.jar;C:\Users\adnankhan02\.m2\repository\com\github\java-json-tools\jackson-coreutils-equivalence\1.0\jackson-coreutils-equivalence-1.0.jar;C:\Users\adnankhan02\.m2\repository\com\fasterxml\jackson\core\jackson-databind\2.11.0\jackson-databind-2.11.0.jar;C:\Users\adnankhan02\.m2\repository\com\fasterxml\jackson\core\jackson-annotations\2.11.0\jackson-annotations-2.11.0.jar;C:\Users\adnankhan02\.m2\repository\com\fasterxml\jackson\core\jackson-core\2.11.0\jackson-core-2.11.0.jar;C:\Users\adnankhan02\.m2\repository\com\github\java-json-tools\jackson-coreutils\2.0\jackson-coreutils-2.0.jar;C:\Users\adnankhan02\.m2\repository\com\github\java-json-tools\msg-simple\1.2\msg-simple-1.2.jar;C:\Users\adnankhan02\.m2\repository\com\github\java-json-tools\btf\1.3\btf-1.3.jar;C:\Users\adnankhan02\.m2\repository\com\github\java-json-tools\json-schema-core\1.2.14\json-schema-core-1.2.14.jar;C:\Users\adnankhan02\.m2\repository\com\github\java-json-tools\uri-template\0.10\uri-template-0.10.jar;C:\Users\adnankhan02\.m2\repository\org\mozilla\rhino\1.7.7.2\rhino-1.7.7.2.jar;C:\Users\adnankhan02\.m2\repository\com\sun\mail\mailapi\1.6.2\mailapi-1.6.2.jar;C:\Users\adnankhan02\.m2\repository\joda-time\joda-time\2.10.5\joda-time-2.10.5.jar;C:\Users\adnankhan02\.m2\repository\com\googlecode\libphonenumber\libphonenumber\8.11.1\libphonenumber-8.11.1.jar;C:\Users\adnankhan02\.m2\repository\net\sf\jopt-simple\jopt-simple\5.0.4\jopt-simple-5.0.4.jar;C:\Users\adnankhan02\.m2\repository\io\rest-assured\json-path\5.1.0\json-path-5.1.0.jar;C:\Users\adnankhan02\.m2\repository\org\apache\groovy\groovy-json\4.0.1\groovy-json-4.0.1.jar;C:\Users\adnankhan02\.m2\repository\io\rest-assured\rest-assured-common\5.1.0\rest-assured-common-5.1.0.jar;C:\Users\adnankhan02\.m2\repository\io\rest-assured\xml-path\5.1.0\xml-path-5.1.0.jar;C:\Users\adnankhan02\.m2\repository\org\apache\commons\commons-lang3\3.11\commons-lang3-3.11.jar;C:\Users\adnankhan02\.m2\repository\org\testng\testng\7.5\testng-7.5.jar;C:\Users\adnankhan02\.m2\repository\com\google\code\findbugs\jsr305\3.0.1\jsr305-3.0.1.jar;C:\Users\adnankhan02\.m2\repository\com\beust\jcommander\1.78\jcommander-1.78.jar;C:\Users\adnankhan02\.m2\repository\org\webjars\jquery\3.5.1\jquery-3.5.1.jar;C:\Users\adnankhan02\.m2\repository\com\relevantcodes\extentreports\2.41.2\extentreports-2.41.2.jar;C:\Users\adnankhan02\.m2\repository\org\jsoup\jsoup\1.8.3\jsoup-1.8.3.jar;C:\Users\adnankhan02\.m2\repository\org\xerial\sqlite-jdbc\3.8.11.1\sqlite-jdbc-3.8.11.1.jar;C:\Users\adnankhan02\.m2\repository\org\freemarker\freemarker\2.3.23\freemarker-2.3.23.jar;C:\Users\adnankhan02\.m2\repository\org\mongodb\mongodb-driver\3.0.4\mongodb-driver-3.0.4.jar;C:\Users\adnankhan02\.m2\repository\org\mongodb\bson\3.0.4\bson-3.0.4.jar;C:\Users\adnankhan02\.m2\repository\org\mongodb\mongodb-driver-core\3.0.4\mongodb-driver-core-3.0.4.jar;C:\Users\adnankhan02\.m2\repository\log4j\log4j\1.2.17\log4j-1.2.17.jar;C:\Users\adnankhan02\.m2\repository\org\apache\logging\log4j\log4j-core\2.18.0\log4j-core-2.18.0.jar;C:\Users\adnankhan02\.m2\repository\org\apache\logging\log4j\log4j-api\2.18.0\log4j-api-2.18.0.jar;"/>
    <property name="sun.cpu.endian" value="little"/>
    <property name="user.home" value="C:\Users\adnankhan02"/>
    <property name="user.language" value="en"/>
    <property name="java.specification.vendor" value="Oracle Corporation"/>
    <property name="java.version.date" value="2019-10-15"/>
    <property name="java.home" value="C:\Program Files\RedHat\java-11-openjdk-11.0.5-2"/>
    <property name="file.separator" value="\"/>
    <property name="basedir" value="C:\Users\adnankhan02\eclipse-workspace\RestAssuredAssignment"/>
    <property name="java.vm.compressedOopsMode" value="Zero based"/>
    <property name="line.separator" value="&#10;"/>
    <property name="java.specification.name" value="Java Platform API Specification"/>
    <property name="java.vm.specification.vendor" value="Oracle Corporation"/>
    <property name="java.awt.graphicsenv" value="sun.awt.Win32GraphicsEnvironment"/>
    <property name="surefire.real.class.path" value="C:\Users\adnankhan02\AppData\Local\Temp\surefire4998436732575336773\surefirebooter-20230412131523041_3.jar"/>
    <property name="user.script" value=""/>
    <property name="sun.management.compiler" value="HotSpot 64-Bit Tiered Compilers"/>
    <property name="java.runtime.version" value="11.0.5+10-LTS"/>
    <property name="user.name" value="adnankhan02"/>
    <property name="path.separator" value=";"/>
    <property name="os.version" value="10.0"/>
    <property name="java.runtime.name" value="OpenJDK Runtime Environment"/>
    <property name="file.encoding" value="Cp1252"/>
    <property name="java.vm.name" value="OpenJDK 64-Bit Server VM"/>
    <property name="java.vendor.version" value="18.9"/>
    <property name="localRepository" value="C:\Users\adnankhan02\.m2\repository"/>
    <property name="java.vendor.url.bug" value="http://bugreport.java.com/bugreport/"/>
    <property name="java.io.tmpdir" value="C:\Users\ADNANK~1\AppData\Local\Temp\"/>
    <property name="java.version" value="11.0.5"/>
    <property name="user.dir" value="C:\Users\adnankhan02\eclipse-workspace\RestAssuredAssignment"/>
    <property name="os.arch" value="amd64"/>
    <property name="java.vm.specification.name" value="Java Virtual Machine Specification"/>
    <property name="java.awt.printerjob" value="sun.awt.windows.WPrinterJob"/>
    <property name="sun.os.patch.level" value=""/>
    <property name="java.library.path" value="C:\Program Files\RedHat\java-11-openjdk-11.0.5-2\bin;C:\WINDOWS\Sun\Java\bin;C:\WINDOWS\system32;C:\WINDOWS;C:\Program Files\Microsoft MPI\Bin\;C:\Windows\system32;C:\Windows;C:\Windows\System32\Wbem;C:\Windows\System32\WindowsPowerShell\v1.0\;C:\Windows\System32\OpenSSH\;C:\Program Files\TortoiseSVN\bin;C:\Program Files\dotnet\;C:\Program Files\Microsoft SQL Server\130\Tools\Binn\;C:\Program Files\Microsoft SQL Server\Client SDK\ODBC\170\Tools\Binn\;C:\Program Files\nodejs\;C:\Program Files (x86)\Microsoft SQL Server\150\DTS\Binn\;C:\Program Files\Azure Data Studio\bin;C:\Program Files (x86)\Microsoft SQL Server\140\Tools\Binn\;C:\Program Files\Microsoft SQL Server\140\Tools\Binn\;C:\Program Files (x86)\Microsoft SQL Server\140\DTS\Binn\;C:\Program Files\Microsoft SQL Server\140\DTS\Binn\;C:\Program Files\Microsoft SQL Server\Client SDK\ODBC\130\Tools\Binn\;C:\Program Files\RedHat\java-11-openjdk-11.0.5-2\bin;C:\Program Files (x86)\dotnet\;C:\apache-maven-3.6.3-bin\apache-maven-3.6.3\bin;C:\Users\adnankhan02\AppData\Local\Android\Sdk\platform-tools;C:\Users\adnankhan02\AppData\Local\Android\Sdk\tools;C:\WINDOWS\system32;C:\WINDOWS;C:\WINDOWS\System32\Wbem;C:\WINDOWS\System32\WindowsPowerShell\v1.0\;C:\WINDOWS\System32\OpenSSH\;C:\Program Files\Git\cmd;C:\Users\adnankhan02\AppData\Local\Programs\Python\Python310\Scripts\;C:\Users\adnankhan02\AppData\Local\Programs\Python\Python310\;C:\Users\adnankhan02\AppData\Local\Microsoft\WindowsApps;C:\Users\adnankhan02\.dotnet\tools;C:\Users\adnankhan02\AppData\Roaming\npm;C:\Users\adnankhan02\AppData\Local\Programs\Microsoft VS Code\bin;C:\Program Files\Azure Data Studio\bin;C:\Users\adnankhan02\Downloads\PyCharm Community Edition 2021.3.3\bin;;C:\Program Files\JetBrains\IntelliJ IDEA Community Edition 2022.1\bin;;;."/>
    <property name="java.vendor" value="Oracle Corporation"/>
    <property name="java.vm.info" value="mixed mode"/>
    <property name="java.vm.version" value="11.0.5+10-LTS"/>
    <property name="sun.io.unicode.encoding" value="UnicodeLittle"/>
    <property name="java.class.version" value="55.0"/>
  </properties>
  <testcase name="pingRequest" classname="tests.TestGET" time="2.27">
    <system-out><![CDATA[API is up and running
]]></system-out>
    <system-err><![CDATA[[main] WARN org.testng.internal.Configuration - Detected a static method [baseClass.BasePage.init()]. Static configuration methods can cause  unexpected behavior.
[main] WARN org.testng.internal.Configuration - Detected a static method [baseClass.BasePage.init()]. Static configuration methods can cause  unexpected behavior.
[main] WARN org.testng.internal.Configuration - Detected a static method [baseClass.BasePage.init()]. Static configuration methods can cause  unexpected behavior.
[main] WARN org.testng.internal.Configuration - Detected a static method [baseClass.BasePage.init()]. Static configuration methods can cause  unexpected behavior.
Apr 12, 2023 1:15:23 PM com.relevantcodes.extentreports.ExtentReports loadConfig
WARNING: Unable to perform report configuration. The file C:\Users\adnankhan02\eclipse-workspace\RestAssuredAssignment\reportConfig.xml was not found.
]]></system-err>
  </testcase>
  <testcase name="getReq" classname="tests.TestGET" time="1.561">
    <system-out><![CDATA[pingRequest
2023-04-12 13:04:356 INFO  Log4j:61 -Succesfully invoke get method
HTTP/1.1 200 OK
Server: Cowboy
Connection: keep-alive
X-Powered-By: Express
Content-Type: application/json; charset=utf-8
Content-Length: 139
Etag: W/"8b-qExbtmSqznsTfazzVbBzq35lMT0"
Date: Wed, 12 Apr 2023 07:45:28 GMT
Via: 1.1 vegur

{
    "firstname": "Eric",
    "lastname": "Brown",
    "totalprice": 173,
    "depositpaid": true,
    "bookingdates": {
        "checkin": "2020-03-14",
        "checkout": "2022-01-25"
    }
}
]]></system-out>
  </testcase>
  <testcase name="pingRequest" classname="tests.TestPOST" time="1.377">
    <system-out><![CDATA[getReq
API is up and running
]]></system-out>
  </testcase>
  <testcase name="postReq" classname="tests.TestPOST" time="1.979">
    <system-out><![CDATA[pingRequest
2023-04-12 13:04:794 INFO  Log4j:58 -Succesfully invoke post method
HTTP/1.1 200 OK
Server: Cowboy
Connection: keep-alive
X-Powered-By: Express
Content-Type: application/json; charset=utf-8
Content-Length: 197
Etag: W/"c5-nKEoopScAw2NBbS2golHrEUcctw"
Date: Wed, 12 Apr 2023 07:45:31 GMT
Via: 1.1 vegur

{
    "bookingid": 3405,
    "booking": {
        "firstname": "Jim",
        "lastname": "Brown",
        "totalprice": 111,
        "depositpaid": true,
        "bookingdates": {
            "checkin": "2018-01-01",
            "checkout": "2019-01-01"
        },
        "additionalneeds": "Breakfast"
    }
}
200
]]></system-out>
  </testcase>
  <testcase name="pingRequest" classname="tests.TestPUT" time="1.418">
    <system-out><![CDATA[postReq
API is up and running
]]></system-out>
  </testcase>
  <testcase name="putReq" classname="tests.TestPUT" time="2.775">
    <system-out><![CDATA[pingRequest
Token is :token=ba82549f6be4074
2023-04-12 13:04:66 INFO  Log4j:58 -Succesfully invoke put method
200
]]></system-out>
  </testcase>
  <testcase name="pingRequest" classname="tests.TestDELETE" time="1.384">
    <system-out><![CDATA[putReq
API is up and running
]]></system-out>
  </testcase>
  <testcase name="deleteReq" classname="tests.TestDELETE" time="2.807">
    <system-out><![CDATA[pingRequest
Token is :token=a3690fa92bac4c3
2023-04-12 13:04:303 INFO  Log4j:52 -Succesfully invoke delete method
201
]]></system-out>
  </testcase>
</testsuite>