<?xml version="1.0" encoding="UTF-8"?>
<!-- Generated by org.testng.reporters.JUnitReportReporter -->
<testsuite hostname="IN-1N8Z9K3" failures="0" tests="2" name="tests.TestDELETE" time="6.793" errors="0" timestamp="2023-03-20T10:23:45 IST" skipped="0">
  <testcase classname="tests.TestDELETE" name="pingRequest" time="3.269"/>
  <system-out/>
  <testcase classname="tests.TestDELETE" name="deleteReq" time="3.524"/>
  <system-out/>
</testsuite> <!-- tests.TestDELETE -->
