<?xml version="1.0" encoding="UTF-8"?>
<!-- Generated by org.testng.reporters.JUnitReportReporter -->
<testsuite hostname="IN-1N8Z9K3" failures="0" tests="1" name="Post.CreateBooking" time="3.354" errors="0" timestamp="2023-03-11T12:48:23 IST" skipped="0">
  <testcase classname="Post.CreateBooking" name="postReq" time="3.354"/>
  <system-out/>
</testsuite> <!-- Post.CreateBooking -->
