<?xml version="1.0" encoding="UTF-8"?>
<!-- Generated by org.testng.reporters.JUnitReportReporter -->
<testsuite hostname="IN-1N8Z9K3" failures="0" tests="2" name="tests.TestPUT" time="5.965" errors="0" timestamp="2023-03-20T10:23:26 IST" skipped="0">
  <testcase classname="tests.TestPUT" name="pingRequest" time="2.484"/>
  <system-out/>
  <testcase classname="tests.TestPUT" name="putReq" time="3.481"/>
  <system-out/>
</testsuite> <!-- tests.TestPUT -->
