<?xml version="1.0" encoding="UTF-8"?>
<!-- Generated by org.testng.reporters.JUnitReportReporter -->
<testsuite hostname="IN-1N8Z9K3" failures="0" tests="2" name="tests.TestPOST" time="5.356" errors="0" timestamp="2023-03-22T16:20:08 IST" skipped="0">
  <testcase classname="tests.TestPOST" name="pingRequest" time="3.333"/>
  <system-out/>
  <testcase classname="tests.TestPOST" name="postReq" time="2.023"/>
  <system-out/>
</testsuite> <!-- tests.TestPOST -->
