<?xml version="1.0" encoding="UTF-8"?>
<!-- Generated by org.testng.reporters.JUnitReportReporter -->
<testsuite hostname="IN-1N8Z9K3" failures="0" tests="2" name="tests.TestGET" time="4.453" errors="0" timestamp="2023-04-12T13:15:40 IST" skipped="0">
  <testcase classname="tests.TestGET" name="pingRequest" time="2.312"/>
  <system-out/>
  <testcase classname="tests.TestGET" name="getReq" time="2.141"/>
  <system-out/>
</testsuite> <!-- tests.TestGET -->
