<?xml version="1.0" encoding="UTF-8"?>
<!-- Generated by org.testng.reporters.JUnitReportReporter -->
<testsuite hostname="IN-1N8Z9K3" failures="0" tests="2" name="tests.TestDELETE" time="4.227" errors="0" timestamp="2023-04-12T13:15:40 IST" skipped="0">
  <testcase classname="tests.TestDELETE" name="pingRequest" time="1.400"/>
  <system-out/>
  <testcase classname="tests.TestDELETE" name="deleteReq" time="2.827"/>
  <system-out/>
</testsuite> <!-- tests.TestDELETE -->
