<?xml version="1.0" encoding="UTF-8"?>
<!-- Generated by org.testng.reporters.JUnitReportReporter -->
<testsuite hostname="IN-1N8Z9K3" failures="0" tests="2" name="tests.TestPOST" time="3.368" errors="0" timestamp="2023-04-12T13:15:40 IST" skipped="0">
  <testcase classname="tests.TestPOST" name="pingRequest" time="1.411"/>
  <system-out/>
  <testcase classname="tests.TestPOST" name="postReq" time="1.957"/>
  <system-out/>
</testsuite> <!-- tests.TestPOST -->
